This file contains any messages produced by compilers while
running configure, to aid debugging if configure makes a mistake.

It was created by MATIO configure 1.5.9, which was
generated by GNU Autoconf 2.69.  Invocation command line was

  $ ./configure 

## --------- ##
## Platform. ##
## --------- ##

hostname = azhar-terraloupe
uname -m = x86_64
uname -r = 4.4.0-45-generic
uname -s = Linux
uname -v = #66-Ubuntu SMP Wed Oct 19 14:12:37 UTC 2016

/usr/bin/uname -p = unknown
/bin/uname -X     = unknown

/bin/arch              = unknown
/usr/bin/arch -k       = unknown
/usr/convex/getsysinfo = unknown
/usr/bin/hostinfo      = unknown
/bin/machine           = unknown
/usr/bin/oslevel       = unknown
/bin/universe          = unknown

PATH: /usr/local/sbin
PATH: /usr/local/bin
PATH: /usr/sbin
PATH: /usr/bin
PATH: /sbin
PATH: /bin
PATH: /usr/games
PATH: /usr/local/games
PATH: /snap/bin


## ----------- ##
## Core tests. ##
## ----------- ##

configure:2603: checking for a BSD-compatible install
configure:2671: result: /usr/bin/install -c
configure:2682: checking whether build environment is sane
configure:2732: result: yes
configure:2873: checking for a thread-safe mkdir -p
configure:2912: result: /bin/mkdir -p
configure:2925: checking for gawk
configure:2941: found /usr/bin/gawk
configure:2952: result: gawk
configure:2963: checking whether make sets $(MAKE)
configure:2985: result: yes
configure:3076: checking whether make supports nested variables
configure:3093: result: yes
configure:3105: checking whether to enable maintainer-specific portions of Makefiles
configure:3114: result: no
configure:3132: checking build system type
configure:3146: result: x86_64-unknown-linux-gnu
configure:3166: checking host system type
configure:3179: result: x86_64-unknown-linux-gnu
configure:3290: checking for pgcc
configure:3320: result: no
configure:3290: checking for icc
configure:3320: result: no
configure:3290: checking for gcc
configure:3306: found /usr/bin/gcc
configure:3317: result: gcc
configure:3348: checking for C compiler version
configure:3357: gcc --version >&5
gcc (Ubuntu 5.4.0-6ubuntu1~16.04.2) 5.4.0 20160609
Copyright (C) 2015 Free Software Foundation, Inc.
This is free software; see the source for copying conditions.  There is NO
warranty; not even for MERCHANTABILITY or FITNESS FOR A PARTICULAR PURPOSE.

configure:3368: $? = 0
configure:3357: gcc -v >&5
Using built-in specs.
COLLECT_GCC=gcc
COLLECT_LTO_WRAPPER=/usr/lib/gcc/x86_64-linux-gnu/5/lto-wrapper
Target: x86_64-linux-gnu
Configured with: ../src/configure -v --with-pkgversion='Ubuntu 5.4.0-6ubuntu1~16.04.2' --with-bugurl=file:///usr/share/doc/gcc-5/README.Bugs --enable-languages=c,ada,c++,java,go,d,fortran,objc,obj-c++ --prefix=/usr --program-suffix=-5 --enable-shared --enable-linker-build-id --libexecdir=/usr/lib --without-included-gettext --enable-threads=posix --libdir=/usr/lib --enable-nls --with-sysroot=/ --enable-clocale=gnu --enable-libstdcxx-debug --enable-libstdcxx-time=yes --with-default-libstdcxx-abi=new --enable-gnu-unique-object --disable-vtable-verify --enable-libmpx --enable-plugin --with-system-zlib --disable-browser-plugin --enable-java-awt=gtk --enable-gtk-cairo --with-java-home=/usr/lib/jvm/java-1.5.0-gcj-5-amd64/jre --enable-java-home --with-jvm-root-dir=/usr/lib/jvm/java-1.5.0-gcj-5-amd64 --with-jvm-jar-dir=/usr/lib/jvm-exports/java-1.5.0-gcj-5-amd64 --with-arch-directory=amd64 --with-ecj-jar=/usr/share/java/eclipse-ecj.jar --enable-objc-gc --enable-multiarch --disable-werror --with-arch-32=i686 --with-abi=m64 --with-multilib-list=m32,m64,mx32 --enable-multilib --with-tune=generic --enable-checking=release --build=x86_64-linux-gnu --host=x86_64-linux-gnu --target=x86_64-linux-gnu
Thread model: posix
gcc version 5.4.0 20160609 (Ubuntu 5.4.0-6ubuntu1~16.04.2) 
configure:3368: $? = 0
configure:3357: gcc -V >&5
gcc: error: unrecognized command line option '-V'
gcc: fatal error: no input files
compilation terminated.
configure:3368: $? = 1
configure:3357: gcc -qversion >&5
gcc: error: unrecognized command line option '-qversion'
gcc: fatal error: no input files
compilation terminated.
configure:3368: $? = 1
configure:3388: checking whether the C compiler works
configure:3410: gcc    conftest.c  >&5
configure:3414: $? = 0
configure:3462: result: yes
configure:3465: checking for C compiler default output file name
configure:3467: result: a.out
configure:3473: checking for suffix of executables
configure:3480: gcc -o conftest    conftest.c  >&5
configure:3484: $? = 0
configure:3506: result: 
configure:3528: checking whether we are cross compiling
configure:3536: gcc -o conftest    conftest.c  >&5
configure:3540: $? = 0
configure:3547: ./conftest
configure:3551: $? = 0
configure:3566: result: no
configure:3571: checking for suffix of object files
configure:3593: gcc -c   conftest.c >&5
configure:3597: $? = 0
configure:3618: result: o
configure:3622: checking whether we are using the GNU C compiler
configure:3641: gcc -c   conftest.c >&5
configure:3641: $? = 0
configure:3650: result: yes
configure:3659: checking whether gcc accepts -g
configure:3679: gcc -c -g  conftest.c >&5
configure:3679: $? = 0
configure:3720: result: yes
configure:3737: checking for gcc option to accept ISO C89
configure:3800: gcc  -c -g -O2  conftest.c >&5
configure:3800: $? = 0
configure:3813: result: none needed
configure:3847: checking debug mode
configure:3851: result: no
configure:3876: checking profile mode
configure:3880: result: no
configure:4034: checking how to print strings
configure:4061: result: printf
configure:4082: checking for a sed that does not truncate output
configure:4146: result: /bin/sed
configure:4164: checking for grep that handles long lines and -e
configure:4222: result: /bin/grep
configure:4227: checking for egrep
configure:4289: result: /bin/grep -E
configure:4294: checking for fgrep
configure:4356: result: /bin/grep -F
configure:4391: checking for ld used by gcc
configure:4458: result: /usr/bin/ld
configure:4465: checking if the linker (/usr/bin/ld) is GNU ld
configure:4480: result: yes
configure:4492: checking for BSD- or MS-compatible name lister (nm)
configure:4541: result: /usr/bin/nm -B
configure:4671: checking the name lister (/usr/bin/nm -B) interface
configure:4678: gcc -c  -g -O2  conftest.c >&5
configure:4681: /usr/bin/nm -B "conftest.o"
configure:4684: output
0000000000000000 B some_variable
configure:4691: result: BSD nm
configure:4694: checking whether ln -s works
configure:4698: result: yes
configure:4706: checking the maximum length of command line arguments
configure:4836: result: 1572864
configure:4853: checking whether the shell understands some XSI constructs
configure:4863: result: yes
configure:4867: checking whether the shell understands "+="
configure:4873: result: yes
configure:4908: checking how to convert x86_64-unknown-linux-gnu file names to x86_64-unknown-linux-gnu format
configure:4948: result: func_convert_file_noop
configure:4955: checking how to convert x86_64-unknown-linux-gnu file names to toolchain format
configure:4975: result: func_convert_file_noop
configure:4982: checking for /usr/bin/ld option to reload object files
configure:4989: result: -r
configure:5063: checking for objdump
configure:5079: found /usr/bin/objdump
configure:5090: result: objdump
configure:5122: checking how to recognize dependent libraries
configure:5324: result: pass_all
configure:5409: checking for dlltool
configure:5439: result: no
configure:5469: checking how to associate runtime and link libraries
configure:5496: result: printf %s\n
configure:5557: checking for ar
configure:5573: found /usr/bin/ar
configure:5584: result: ar
configure:5621: checking for archiver @FILE support
configure:5638: gcc -c  -g -O2  conftest.c >&5
configure:5638: $? = 0
configure:5641: ar cru libconftest.a @conftest.lst >&5
ar: `u' modifier ignored since `D' is the default (see `U')
configure:5644: $? = 0
configure:5649: ar cru libconftest.a @conftest.lst >&5
ar: `u' modifier ignored since `D' is the default (see `U')
ar: conftest.o: No such file or directory
configure:5652: $? = 1
configure:5664: result: @
configure:5722: checking for strip
configure:5738: found /usr/bin/strip
configure:5749: result: strip
configure:5821: checking for ranlib
configure:5837: found /usr/bin/ranlib
configure:5848: result: ranlib
configure:5950: checking command to parse /usr/bin/nm -B output from gcc object
configure:6070: gcc -c  -g -O2  conftest.c >&5
configure:6073: $? = 0
configure:6077: /usr/bin/nm -B conftest.o \| sed -n -e 's/^.*[ ]\([ABCDGIRSTW][ABCDGIRSTW]*\)[ ][ ]*\([_A-Za-z][_A-Za-z0-9]*\)$/\1 \2 \2/p' | sed '/ __gnu_lto/d' \> conftest.nm
configure:6080: $? = 0
configure:6146: gcc -o conftest  -g -O2   conftest.c conftstm.o >&5
configure:6149: $? = 0
configure:6187: result: ok
configure:6224: checking for sysroot
configure:6254: result: no
configure:6331: gcc -c  -g -O2  conftest.c >&5
configure:6334: $? = 0
configure:6510: checking for mt
configure:6526: found /bin/mt
configure:6537: result: mt
configure:6560: checking if mt is a manifest tool
configure:6566: mt '-?'
configure:6574: result: no
configure:7216: checking how to run the C preprocessor
configure:7247: gcc -E  conftest.c
configure:7247: $? = 0
configure:7261: gcc -E  conftest.c
conftest.c:19:28: fatal error: ac_nonexistent.h: No such file or directory
compilation terminated.
configure:7261: $? = 1
configure: failed program was:
| /* confdefs.h */
| #define PACKAGE_NAME "MATIO"
| #define PACKAGE_TARNAME "matio"
| #define PACKAGE_VERSION "1.5.9"
| #define PACKAGE_STRING "MATIO 1.5.9"
| #define PACKAGE_BUGREPORT "chulbe2lsu@users.sourceforge.net"
| #define PACKAGE_URL "http://sourceforge.net/projects/matio"
| #define PACKAGE "matio"
| #define VERSION "1.5.9"
| #define MATIO_PLATFORM "x86_64-unknown-linux-gnu"
| #define MATIO_MAJOR_VERSION 1
| #define MATIO_MINOR_VERSION 5
| #define MATIO_RELEASE_LEVEL 9
| #define MATIO_VERSION 159
| #define MATIO_VERSION_STR "1.5.9"
| #define NODEBUG /**/
| #define NODEBUG /**/
| /* end confdefs.h.  */
| #include <ac_nonexistent.h>
configure:7286: result: gcc -E
configure:7306: gcc -E  conftest.c
configure:7306: $? = 0
configure:7320: gcc -E  conftest.c
conftest.c:19:28: fatal error: ac_nonexistent.h: No such file or directory
compilation terminated.
configure:7320: $? = 1
configure: failed program was:
| /* confdefs.h */
| #define PACKAGE_NAME "MATIO"
| #define PACKAGE_TARNAME "matio"
| #define PACKAGE_VERSION "1.5.9"
| #define PACKAGE_STRING "MATIO 1.5.9"
| #define PACKAGE_BUGREPORT "chulbe2lsu@users.sourceforge.net"
| #define PACKAGE_URL "http://sourceforge.net/projects/matio"
| #define PACKAGE "matio"
| #define VERSION "1.5.9"
| #define MATIO_PLATFORM "x86_64-unknown-linux-gnu"
| #define MATIO_MAJOR_VERSION 1
| #define MATIO_MINOR_VERSION 5
| #define MATIO_RELEASE_LEVEL 9
| #define MATIO_VERSION 159
| #define MATIO_VERSION_STR "1.5.9"
| #define NODEBUG /**/
| #define NODEBUG /**/
| /* end confdefs.h.  */
| #include <ac_nonexistent.h>
configure:7349: checking for ANSI C header files
configure:7369: gcc -c  -g -O2  conftest.c >&5
configure:7369: $? = 0
configure:7442: gcc -o conftest  -g -O2   conftest.c  >&5
configure:7442: $? = 0
configure:7442: ./conftest
configure:7442: $? = 0
configure:7453: result: yes
configure:7466: checking for sys/types.h
configure:7466: gcc -c  -g -O2  conftest.c >&5
configure:7466: $? = 0
configure:7466: result: yes
configure:7466: checking for sys/stat.h
configure:7466: gcc -c  -g -O2  conftest.c >&5
configure:7466: $? = 0
configure:7466: result: yes
configure:7466: checking for stdlib.h
configure:7466: gcc -c  -g -O2  conftest.c >&5
configure:7466: $? = 0
configure:7466: result: yes
configure:7466: checking for string.h
configure:7466: gcc -c  -g -O2  conftest.c >&5
configure:7466: $? = 0
configure:7466: result: yes
configure:7466: checking for memory.h
configure:7466: gcc -c  -g -O2  conftest.c >&5
configure:7466: $? = 0
configure:7466: result: yes
configure:7466: checking for strings.h
configure:7466: gcc -c  -g -O2  conftest.c >&5
configure:7466: $? = 0
configure:7466: result: yes
configure:7466: checking for inttypes.h
configure:7466: gcc -c  -g -O2  conftest.c >&5
configure:7466: $? = 0
configure:7466: result: yes
configure:7466: checking for stdint.h
configure:7466: gcc -c  -g -O2  conftest.c >&5
configure:7466: $? = 0
configure:7466: result: yes
configure:7466: checking for unistd.h
configure:7466: gcc -c  -g -O2  conftest.c >&5
configure:7466: $? = 0
configure:7466: result: yes
configure:7480: checking for dlfcn.h
configure:7480: gcc -c  -g -O2  conftest.c >&5
configure:7480: $? = 0
configure:7480: result: yes
configure:7626: checking for objdir
configure:7641: result: .libs
configure:7912: checking if gcc supports -fno-rtti -fno-exceptions
configure:7930: gcc -c  -g -O2  -fno-rtti -fno-exceptions conftest.c >&5
cc1: warning: command line option '-fno-rtti' is valid for C++/ObjC++ but not for C
configure:7934: $? = 0
configure:7947: result: no
configure:8274: checking for gcc option to produce PIC
configure:8281: result: -fPIC -DPIC
configure:8289: checking if gcc PIC flag -fPIC -DPIC works
configure:8307: gcc -c  -g -O2  -fPIC -DPIC -DPIC conftest.c >&5
configure:8311: $? = 0
configure:8324: result: yes
configure:8353: checking if gcc static flag -static works
configure:8381: result: yes
configure:8396: checking if gcc supports -c -o file.o
configure:8417: gcc -c  -g -O2  -o out/conftest2.o conftest.c >&5
configure:8421: $? = 0
configure:8443: result: yes
configure:8451: checking if gcc supports -c -o file.o
configure:8498: result: yes
configure:8531: checking whether the gcc linker (/usr/bin/ld -m elf_x86_64) supports shared libraries
configure:9688: result: yes
configure:9725: checking whether -lc should be explicitly linked in
configure:9733: gcc -c  -g -O2  conftest.c >&5
configure:9736: $? = 0
configure:9751: gcc -shared  -fPIC -DPIC conftest.o  -v -Wl,-soname -Wl,conftest -o conftest 2\>\&1 \| /bin/grep  -lc  \>/dev/null 2\>\&1
configure:9754: $? = 0
configure:9768: result: no
configure:9928: checking dynamic linker characteristics
configure:10439: gcc -o conftest  -g -O2   -Wl,-rpath -Wl,/foo conftest.c  >&5
configure:10439: $? = 0
configure:10673: result: GNU/Linux ld.so
configure:10780: checking how to hardcode library paths into programs
configure:10805: result: immediate
configure:11345: checking whether stripping libraries is possible
configure:11350: result: yes
configure:11385: checking if libtool supports shared libraries
configure:11387: result: yes
configure:11390: checking whether to build shared libraries
configure:11411: result: yes
configure:11414: checking whether to build static libraries
configure:11418: result: yes
configure:11456: checking whether make sets $(MAKE)
configure:11478: result: yes
configure:11489: checking for grep that handles long lines and -e
configure:11547: result: /bin/grep
configure:11554: checking for pow in -lm
configure:11579: gcc -o conftest  -g -O2   conftest.c -lm   >&5
conftest.c:38:6: warning: conflicting types for built-in function 'pow'
 char pow ();
      ^
configure:11579: $? = 0
configure:11588: result: yes
configure:11603: checking for ANSI C header files
configure:11707: result: yes
configure:11721: checking for stdarg.h
configure:11721: gcc -c  -g -O2  conftest.c >&5
configure:11721: $? = 0
configure:11721: result: yes
configure:11721: checking for varargs.h
configure:11721: gcc -c  -g -O2  conftest.c >&5
In file included from conftest.c:68:0:
/usr/lib/gcc/x86_64-linux-gnu/5/include/varargs.h:4:2: error: #error "GCC no longer implements <varargs.h>."
 #error "GCC no longer implements <varargs.h>."
  ^
/usr/lib/gcc/x86_64-linux-gnu/5/include/varargs.h:5:2: error: #error "Revise your code to use <stdarg.h>."
 #error "Revise your code to use <stdarg.h>."
  ^
configure:11721: $? = 1
configure: failed program was:
| /* confdefs.h */
| #define PACKAGE_NAME "MATIO"
| #define PACKAGE_TARNAME "matio"
| #define PACKAGE_VERSION "1.5.9"
| #define PACKAGE_STRING "MATIO 1.5.9"
| #define PACKAGE_BUGREPORT "chulbe2lsu@users.sourceforge.net"
| #define PACKAGE_URL "http://sourceforge.net/projects/matio"
| #define PACKAGE "matio"
| #define VERSION "1.5.9"
| #define MATIO_PLATFORM "x86_64-unknown-linux-gnu"
| #define MATIO_MAJOR_VERSION 1
| #define MATIO_MINOR_VERSION 5
| #define MATIO_RELEASE_LEVEL 9
| #define MATIO_VERSION 159
| #define MATIO_VERSION_STR "1.5.9"
| #define NODEBUG /**/
| #define NODEBUG /**/
| #define STDC_HEADERS 1
| #define HAVE_SYS_TYPES_H 1
| #define HAVE_SYS_STAT_H 1
| #define HAVE_STDLIB_H 1
| #define HAVE_STRING_H 1
| #define HAVE_MEMORY_H 1
| #define HAVE_STRINGS_H 1
| #define HAVE_INTTYPES_H 1
| #define HAVE_STDINT_H 1
| #define HAVE_UNISTD_H 1
| #define HAVE_DLFCN_H 1
| #define LT_OBJDIR ".libs/"
| #define HAVE_LIBM 1
| #define STDC_HEADERS 1
| #define HAVE_STDARG_H 1
| /* end confdefs.h.  */
| #include <stdio.h>
| #ifdef HAVE_SYS_TYPES_H
| # include <sys/types.h>
| #endif
| #ifdef HAVE_SYS_STAT_H
| # include <sys/stat.h>
| #endif
| #ifdef STDC_HEADERS
| # include <stdlib.h>
| # include <stddef.h>
| #else
| # ifdef HAVE_STDLIB_H
| #  include <stdlib.h>
| # endif
| #endif
| #ifdef HAVE_STRING_H
| # if !defined STDC_HEADERS && defined HAVE_MEMORY_H
| #  include <memory.h>
| # endif
| # include <string.h>
| #endif
| #ifdef HAVE_STRINGS_H
| # include <strings.h>
| #endif
| #ifdef HAVE_INTTYPES_H
| # include <inttypes.h>
| #endif
| #ifdef HAVE_STDINT_H
| # include <stdint.h>
| #endif
| #ifdef HAVE_UNISTD_H
| # include <unistd.h>
| #endif
| 
| #include <varargs.h>
configure:11721: result: no
configure:11738: checking for inttypes.h
configure:11738: result: yes
configure:11748: checking for stdint.h
configure:11748: result: yes
configure:11758: checking for strings.h
configure:11758: result: yes
configure:11768: checking for unistd.h
configure:11768: result: yes
configure:11781: checking locale.h usability
configure:11781: gcc -c  -g -O2  conftest.c >&5
configure:11781: $? = 0
configure:11781: result: yes
configure:11781: checking locale.h presence
configure:11781: gcc -E  conftest.c
configure:11781: $? = 0
configure:11781: result: yes
configure:11781: checking for locale.h
configure:11781: result: yes
configure:11781: checking stddef.h usability
configure:11781: gcc -c  -g -O2  conftest.c >&5
configure:11781: $? = 0
configure:11781: result: yes
configure:11781: checking stddef.h presence
configure:11781: gcc -E  conftest.c
configure:11781: $? = 0
configure:11781: result: yes
configure:11781: checking for stddef.h
configure:11781: result: yes
configure:11791: checking for struct lconv.decimal_point
configure:11791: gcc -c  -g -O2  conftest.c >&5
configure:11791: $? = 0
configure:11791: result: yes
configure:11801: checking for struct lconv.thousands_sep
configure:11801: gcc -c  -g -O2  conftest.c >&5
configure:11801: $? = 0
configure:11801: result: yes
configure:11813: checking for ptrdiff_t
configure:11813: gcc -c  -g -O2  conftest.c >&5
configure:11813: $? = 0
configure:11813: gcc -c  -g -O2  conftest.c >&5
conftest.c: In function 'main':
conftest.c:78:24: error: expected expression before ')' token
 if (sizeof ((ptrdiff_t)))
                        ^
configure:11813: $? = 1
configure: failed program was:
| /* confdefs.h */
| #define PACKAGE_NAME "MATIO"
| #define PACKAGE_TARNAME "matio"
| #define PACKAGE_VERSION "1.5.9"
| #define PACKAGE_STRING "MATIO 1.5.9"
| #define PACKAGE_BUGREPORT "chulbe2lsu@users.sourceforge.net"
| #define PACKAGE_URL "http://sourceforge.net/projects/matio"
| #define PACKAGE "matio"
| #define VERSION "1.5.9"
| #define MATIO_PLATFORM "x86_64-unknown-linux-gnu"
| #define MATIO_MAJOR_VERSION 1
| #define MATIO_MINOR_VERSION 5
| #define MATIO_RELEASE_LEVEL 9
| #define MATIO_VERSION 159
| #define MATIO_VERSION_STR "1.5.9"
| #define NODEBUG /**/
| #define NODEBUG /**/
| #define STDC_HEADERS 1
| #define HAVE_SYS_TYPES_H 1
| #define HAVE_SYS_STAT_H 1
| #define HAVE_STDLIB_H 1
| #define HAVE_STRING_H 1
| #define HAVE_MEMORY_H 1
| #define HAVE_STRINGS_H 1
| #define HAVE_INTTYPES_H 1
| #define HAVE_STDINT_H 1
| #define HAVE_UNISTD_H 1
| #define HAVE_DLFCN_H 1
| #define LT_OBJDIR ".libs/"
| #define HAVE_LIBM 1
| #define STDC_HEADERS 1
| #define HAVE_STDARG_H 1
| #define MATIO_HAVE_INTTYPES_H 1
| #define MATIO_HAVE_STDINT_H 1
| #define HAVE_STRINGS_H 1
| #define HAVE_UNISTD_H 1
| #define HAVE_LOCALE_H 1
| #define HAVE_STDDEF_H 1
| #define HAVE_STRUCT_LCONV_DECIMAL_POINT 1
| #define HAVE_STRUCT_LCONV_THOUSANDS_SEP 1
| /* end confdefs.h.  */
| #include <stdio.h>
| #ifdef HAVE_SYS_TYPES_H
| # include <sys/types.h>
| #endif
| #ifdef HAVE_SYS_STAT_H
| # include <sys/stat.h>
| #endif
| #ifdef STDC_HEADERS
| # include <stdlib.h>
| # include <stddef.h>
| #else
| # ifdef HAVE_STDLIB_H
| #  include <stdlib.h>
| # endif
| #endif
| #ifdef HAVE_STRING_H
| # if !defined STDC_HEADERS && defined HAVE_MEMORY_H
| #  include <memory.h>
| # endif
| # include <string.h>
| #endif
| #ifdef HAVE_STRINGS_H
| # include <strings.h>
| #endif
| #ifdef HAVE_INTTYPES_H
| # include <inttypes.h>
| #endif
| #ifdef HAVE_STDINT_H
| # include <stdint.h>
| #endif
| #ifdef HAVE_UNISTD_H
| # include <unistd.h>
| #endif
| int
| main ()
| {
| if (sizeof ((ptrdiff_t)))
| 	    return 0;
|   ;
|   return 0;
| }
configure:11813: result: yes
configure:11825: checking for localeconv
configure:11825: gcc -o conftest  -g -O2   conftest.c -lm  >&5
configure:11825: $? = 0
configure:11825: result: yes
configure:11837: checking for getopt_long
configure:11858: gcc -o conftest  -g -O2   conftest.c -lm  >&5
conftest.c: In function 'main':
conftest.c:55:1: error: 'opt' undeclared (first use in this function)
 opt = getopt_long(0,NULL,NULL,NULL,NULL);
 ^
conftest.c:55:1: note: each undeclared identifier is reported only once for each function it appears in
configure:11858: $? = 1
configure: failed program was:
| /* confdefs.h */
| #define PACKAGE_NAME "MATIO"
| #define PACKAGE_TARNAME "matio"
| #define PACKAGE_VERSION "1.5.9"
| #define PACKAGE_STRING "MATIO 1.5.9"
| #define PACKAGE_BUGREPORT "chulbe2lsu@users.sourceforge.net"
| #define PACKAGE_URL "http://sourceforge.net/projects/matio"
| #define PACKAGE "matio"
| #define VERSION "1.5.9"
| #define MATIO_PLATFORM "x86_64-unknown-linux-gnu"
| #define MATIO_MAJOR_VERSION 1
| #define MATIO_MINOR_VERSION 5
| #define MATIO_RELEASE_LEVEL 9
| #define MATIO_VERSION 159
| #define MATIO_VERSION_STR "1.5.9"
| #define NODEBUG /**/
| #define NODEBUG /**/
| #define STDC_HEADERS 1
| #define HAVE_SYS_TYPES_H 1
| #define HAVE_SYS_STAT_H 1
| #define HAVE_STDLIB_H 1
| #define HAVE_STRING_H 1
| #define HAVE_MEMORY_H 1
| #define HAVE_STRINGS_H 1
| #define HAVE_INTTYPES_H 1
| #define HAVE_STDINT_H 1
| #define HAVE_UNISTD_H 1
| #define HAVE_DLFCN_H 1
| #define LT_OBJDIR ".libs/"
| #define HAVE_LIBM 1
| #define STDC_HEADERS 1
| #define HAVE_STDARG_H 1
| #define MATIO_HAVE_INTTYPES_H 1
| #define MATIO_HAVE_STDINT_H 1
| #define HAVE_STRINGS_H 1
| #define HAVE_UNISTD_H 1
| #define HAVE_LOCALE_H 1
| #define HAVE_STDDEF_H 1
| #define HAVE_STRUCT_LCONV_DECIMAL_POINT 1
| #define HAVE_STRUCT_LCONV_THOUSANDS_SEP 1
| #define HAVE_PTRDIFF_T 1
| #define HAVE_LOCALECONV 1
| /* end confdefs.h.  */
| #include <stdio.h>
|  #include <stdlib.h>
|  #ifdef HAVE_UNISTD_H
|  #include <unistd.h>
|  #endif
|  #define _GNU_SOURCE /* For getopt_long on GNU systems */
|  #include <getopt.h>
| 
| int
| main ()
| {
| opt = getopt_long(0,NULL,NULL,NULL,NULL);
|   ;
|   return 0;
| }
configure:11871: result: internal
configure:11888: checking size of double
configure:11893: gcc -o conftest  -g -O2   conftest.c -lm  >&5
configure:11893: $? = 0
configure:11893: ./conftest
configure:11893: $? = 0
configure:11907: result: 8
configure:11921: checking size of float
configure:11926: gcc -o conftest  -g -O2   conftest.c -lm  >&5
configure:11926: $? = 0
configure:11926: ./conftest
configure:11926: $? = 0
configure:11940: result: 4
configure:11954: checking size of long long
configure:11959: gcc -o conftest  -g -O2   conftest.c -lm  >&5
configure:11959: $? = 0
configure:11959: ./conftest
configure:11959: $? = 0
configure:11973: result: 8
configure:11987: checking size of long
configure:11992: gcc -o conftest  -g -O2   conftest.c -lm  >&5
configure:11992: $? = 0
configure:11992: ./conftest
configure:11992: $? = 0
configure:12006: result: 8
configure:12020: checking size of int
configure:12025: gcc -o conftest  -g -O2   conftest.c -lm  >&5
configure:12025: $? = 0
configure:12025: ./conftest
configure:12025: $? = 0
configure:12039: result: 4
configure:12053: checking size of short
configure:12058: gcc -o conftest  -g -O2   conftest.c -lm  >&5
configure:12058: $? = 0
configure:12058: ./conftest
configure:12058: $? = 0
configure:12072: result: 2
configure:12086: checking size of char
configure:12091: gcc -o conftest  -g -O2   conftest.c -lm  >&5
configure:12091: $? = 0
configure:12091: ./conftest
configure:12091: $? = 0
configure:12105: result: 1
configure:12119: checking size of void *
configure:12124: gcc -o conftest  -g -O2   conftest.c -lm  >&5
configure:12124: $? = 0
configure:12124: ./conftest
configure:12124: $? = 0
configure:12138: result: 8
configure:12152: checking size of size_t
configure:12157: gcc -o conftest  -g -O2   conftest.c -lm  >&5
configure:12157: $? = 0
configure:12157: ./conftest
configure:12157: $? = 0
configure:12171: result: 8
configure:12190: checking for mat_int64_t
configure:12212: gcc -o conftest  -g -O2   conftest.c -lm  >&5
configure:12212: $? = 0
configure:12233: result: int64_t
configure:12488: checking for mat_uint64_t
configure:12510: gcc -o conftest  -g -O2   conftest.c -lm  >&5
configure:12510: $? = 0
configure:12531: result: uint64_t
configure:12786: checking for mat_int32_t
configure:12808: gcc -o conftest  -g -O2   conftest.c -lm  >&5
configure:12808: $? = 0
configure:12829: result: int32_t
configure:13084: checking for mat_uint32_t
configure:13106: gcc -o conftest  -g -O2   conftest.c -lm  >&5
configure:13106: $? = 0
configure:13127: result: uint32_t
configure:13382: checking for mat_int16_t
configure:13404: gcc -o conftest  -g -O2   conftest.c -lm  >&5
configure:13404: $? = 0
configure:13425: result: int16_t
configure:13680: checking for mat_uint16_t
configure:13702: gcc -o conftest  -g -O2   conftest.c -lm  >&5
configure:13702: $? = 0
configure:13723: result: uint16_t
configure:13978: checking for mat_int8_t
configure:14000: gcc -o conftest  -g -O2   conftest.c -lm  >&5
configure:14000: $? = 0
configure:14021: result: int8_t
configure:14276: checking for mat_uint8_t
configure:14298: gcc -o conftest  -g -O2   conftest.c -lm  >&5
configure:14298: $? = 0
configure:14319: result: uint8_t
configure:14589: checking for long double
configure:14622: result: yes
configure:14631: checking for long long int
configure:14668: gcc -o conftest  -g -O2   conftest.c -lm  >&5
configure:14668: $? = 0
configure:14698: gcc -o conftest  -g -O2   conftest.c -lm  >&5
configure:14698: $? = 0
configure:14698: ./conftest
configure:14698: $? = 0
configure:14713: result: yes
configure:14722: checking for unsigned long long int
configure:14759: gcc -o conftest  -g -O2   conftest.c -lm  >&5
configure:14759: $? = 0
configure:14767: result: yes
configure:14775: checking for size_t
configure:14775: gcc -c  -g -O2  conftest.c >&5
configure:14775: $? = 0
configure:14775: gcc -c  -g -O2  conftest.c >&5
conftest.c: In function 'main':
conftest.c:108:21: error: expected expression before ')' token
 if (sizeof ((size_t)))
                     ^
configure:14775: $? = 1
configure: failed program was:
| /* confdefs.h */
| #define PACKAGE_NAME "MATIO"
| #define PACKAGE_TARNAME "matio"
| #define PACKAGE_VERSION "1.5.9"
| #define PACKAGE_STRING "MATIO 1.5.9"
| #define PACKAGE_BUGREPORT "chulbe2lsu@users.sourceforge.net"
| #define PACKAGE_URL "http://sourceforge.net/projects/matio"
| #define PACKAGE "matio"
| #define VERSION "1.5.9"
| #define MATIO_PLATFORM "x86_64-unknown-linux-gnu"
| #define MATIO_MAJOR_VERSION 1
| #define MATIO_MINOR_VERSION 5
| #define MATIO_RELEASE_LEVEL 9
| #define MATIO_VERSION 159
| #define MATIO_VERSION_STR "1.5.9"
| #define NODEBUG /**/
| #define NODEBUG /**/
| #define STDC_HEADERS 1
| #define HAVE_SYS_TYPES_H 1
| #define HAVE_SYS_STAT_H 1
| #define HAVE_STDLIB_H 1
| #define HAVE_STRING_H 1
| #define HAVE_MEMORY_H 1
| #define HAVE_STRINGS_H 1
| #define HAVE_INTTYPES_H 1
| #define HAVE_STDINT_H 1
| #define HAVE_UNISTD_H 1
| #define HAVE_DLFCN_H 1
| #define LT_OBJDIR ".libs/"
| #define HAVE_LIBM 1
| #define STDC_HEADERS 1
| #define HAVE_STDARG_H 1
| #define MATIO_HAVE_INTTYPES_H 1
| #define MATIO_HAVE_STDINT_H 1
| #define HAVE_STRINGS_H 1
| #define HAVE_UNISTD_H 1
| #define HAVE_LOCALE_H 1
| #define HAVE_STDDEF_H 1
| #define HAVE_STRUCT_LCONV_DECIMAL_POINT 1
| #define HAVE_STRUCT_LCONV_THOUSANDS_SEP 1
| #define HAVE_PTRDIFF_T 1
| #define HAVE_LOCALECONV 1
| #define SIZEOF_DOUBLE 8
| #define SIZEOF_FLOAT 4
| #define SIZEOF_LONG_LONG 8
| #define SIZEOF_LONG 8
| #define SIZEOF_INT 4
| #define SIZEOF_SHORT 2
| #define SIZEOF_CHAR 1
| #define SIZEOF_VOID_P 8
| #define SIZEOF_SIZE_T 8
| #define HAVE_MAT_INT64_T /**/
| #define _mat_int64_t int64_t
| #define HAVE_MAT_UINT64_T /**/
| #define _mat_uint64_t uint64_t
| #define HAVE_MAT_INT32_T /**/
| #define _mat_int32_t int32_t
| #define HAVE_MAT_UINT32_T /**/
| #define _mat_uint32_t uint32_t
| #define HAVE_MAT_INT16_T /**/
| #define _mat_int16_t int16_t
| #define HAVE_MAT_UINT16_T /**/
| #define _mat_uint16_t uint16_t
| #define HAVE_MAT_INT8_T /**/
| #define _mat_int8_t int8_t
| #define HAVE_MAT_UINT8_T /**/
| #define _mat_uint8_t uint8_t
| #define HAVE_LONG_DOUBLE 1
| #define HAVE_LONG_LONG_INT 1
| #define HAVE_UNSIGNED_LONG_LONG_INT 1
| /* end confdefs.h.  */
| #include <stdio.h>
| #ifdef HAVE_SYS_TYPES_H
| # include <sys/types.h>
| #endif
| #ifdef HAVE_SYS_STAT_H
| # include <sys/stat.h>
| #endif
| #ifdef STDC_HEADERS
| # include <stdlib.h>
| # include <stddef.h>
| #else
| # ifdef HAVE_STDLIB_H
| #  include <stdlib.h>
| # endif
| #endif
| #ifdef HAVE_STRING_H
| # if !defined STDC_HEADERS && defined HAVE_MEMORY_H
| #  include <memory.h>
| # endif
| # include <string.h>
| #endif
| #ifdef HAVE_STRINGS_H
| # include <strings.h>
| #endif
| #ifdef HAVE_INTTYPES_H
| # include <inttypes.h>
| #endif
| #ifdef HAVE_STDINT_H
| # include <stdint.h>
| #endif
| #ifdef HAVE_UNISTD_H
| # include <unistd.h>
| #endif
| int
| main ()
| {
| if (sizeof ((size_t)))
| 	    return 0;
|   ;
|   return 0;
| }
configure:14775: result: yes
configure:14788: checking for intmax_t
configure:14788: gcc -c  -g -O2  conftest.c >&5
configure:14788: $? = 0
configure:14788: gcc -c  -g -O2  conftest.c >&5
conftest.c: In function 'main':
conftest.c:108:23: error: expected expression before ')' token
 if (sizeof ((intmax_t)))
                       ^
configure:14788: $? = 1
configure: failed program was:
| /* confdefs.h */
| #define PACKAGE_NAME "MATIO"
| #define PACKAGE_TARNAME "matio"
| #define PACKAGE_VERSION "1.5.9"
| #define PACKAGE_STRING "MATIO 1.5.9"
| #define PACKAGE_BUGREPORT "chulbe2lsu@users.sourceforge.net"
| #define PACKAGE_URL "http://sourceforge.net/projects/matio"
| #define PACKAGE "matio"
| #define VERSION "1.5.9"
| #define MATIO_PLATFORM "x86_64-unknown-linux-gnu"
| #define MATIO_MAJOR_VERSION 1
| #define MATIO_MINOR_VERSION 5
| #define MATIO_RELEASE_LEVEL 9
| #define MATIO_VERSION 159
| #define MATIO_VERSION_STR "1.5.9"
| #define NODEBUG /**/
| #define NODEBUG /**/
| #define STDC_HEADERS 1
| #define HAVE_SYS_TYPES_H 1
| #define HAVE_SYS_STAT_H 1
| #define HAVE_STDLIB_H 1
| #define HAVE_STRING_H 1
| #define HAVE_MEMORY_H 1
| #define HAVE_STRINGS_H 1
| #define HAVE_INTTYPES_H 1
| #define HAVE_STDINT_H 1
| #define HAVE_UNISTD_H 1
| #define HAVE_DLFCN_H 1
| #define LT_OBJDIR ".libs/"
| #define HAVE_LIBM 1
| #define STDC_HEADERS 1
| #define HAVE_STDARG_H 1
| #define MATIO_HAVE_INTTYPES_H 1
| #define MATIO_HAVE_STDINT_H 1
| #define HAVE_STRINGS_H 1
| #define HAVE_UNISTD_H 1
| #define HAVE_LOCALE_H 1
| #define HAVE_STDDEF_H 1
| #define HAVE_STRUCT_LCONV_DECIMAL_POINT 1
| #define HAVE_STRUCT_LCONV_THOUSANDS_SEP 1
| #define HAVE_PTRDIFF_T 1
| #define HAVE_LOCALECONV 1
| #define SIZEOF_DOUBLE 8
| #define SIZEOF_FLOAT 4
| #define SIZEOF_LONG_LONG 8
| #define SIZEOF_LONG 8
| #define SIZEOF_INT 4
| #define SIZEOF_SHORT 2
| #define SIZEOF_CHAR 1
| #define SIZEOF_VOID_P 8
| #define SIZEOF_SIZE_T 8
| #define HAVE_MAT_INT64_T /**/
| #define _mat_int64_t int64_t
| #define HAVE_MAT_UINT64_T /**/
| #define _mat_uint64_t uint64_t
| #define HAVE_MAT_INT32_T /**/
| #define _mat_int32_t int32_t
| #define HAVE_MAT_UINT32_T /**/
| #define _mat_uint32_t uint32_t
| #define HAVE_MAT_INT16_T /**/
| #define _mat_int16_t int16_t
| #define HAVE_MAT_UINT16_T /**/
| #define _mat_uint16_t uint16_t
| #define HAVE_MAT_INT8_T /**/
| #define _mat_int8_t int8_t
| #define HAVE_MAT_UINT8_T /**/
| #define _mat_uint8_t uint8_t
| #define HAVE_LONG_DOUBLE 1
| #define HAVE_LONG_LONG_INT 1
| #define HAVE_UNSIGNED_LONG_LONG_INT 1
| /* end confdefs.h.  */
| #include <stdio.h>
| #ifdef HAVE_SYS_TYPES_H
| # include <sys/types.h>
| #endif
| #ifdef HAVE_SYS_STAT_H
| # include <sys/stat.h>
| #endif
| #ifdef STDC_HEADERS
| # include <stdlib.h>
| # include <stddef.h>
| #else
| # ifdef HAVE_STDLIB_H
| #  include <stdlib.h>
| # endif
| #endif
| #ifdef HAVE_STRING_H
| # if !defined STDC_HEADERS && defined HAVE_MEMORY_H
| #  include <memory.h>
| # endif
| # include <string.h>
| #endif
| #ifdef HAVE_STRINGS_H
| # include <strings.h>
| #endif
| #ifdef HAVE_INTTYPES_H
| # include <inttypes.h>
| #endif
| #ifdef HAVE_STDINT_H
| # include <stdint.h>
| #endif
| #ifdef HAVE_UNISTD_H
| # include <unistd.h>
| #endif
| int
| main ()
| {
| if (sizeof ((intmax_t)))
| 	    return 0;
|   ;
|   return 0;
| }
configure:14788: result: yes
configure:14807: checking for uintmax_t
configure:14807: gcc -c  -g -O2  conftest.c >&5
configure:14807: $? = 0
configure:14807: gcc -c  -g -O2  conftest.c >&5
conftest.c: In function 'main':
conftest.c:109:24: error: expected expression before ')' token
 if (sizeof ((uintmax_t)))
                        ^
configure:14807: $? = 1
configure: failed program was:
| /* confdefs.h */
| #define PACKAGE_NAME "MATIO"
| #define PACKAGE_TARNAME "matio"
| #define PACKAGE_VERSION "1.5.9"
| #define PACKAGE_STRING "MATIO 1.5.9"
| #define PACKAGE_BUGREPORT "chulbe2lsu@users.sourceforge.net"
| #define PACKAGE_URL "http://sourceforge.net/projects/matio"
| #define PACKAGE "matio"
| #define VERSION "1.5.9"
| #define MATIO_PLATFORM "x86_64-unknown-linux-gnu"
| #define MATIO_MAJOR_VERSION 1
| #define MATIO_MINOR_VERSION 5
| #define MATIO_RELEASE_LEVEL 9
| #define MATIO_VERSION 159
| #define MATIO_VERSION_STR "1.5.9"
| #define NODEBUG /**/
| #define NODEBUG /**/
| #define STDC_HEADERS 1
| #define HAVE_SYS_TYPES_H 1
| #define HAVE_SYS_STAT_H 1
| #define HAVE_STDLIB_H 1
| #define HAVE_STRING_H 1
| #define HAVE_MEMORY_H 1
| #define HAVE_STRINGS_H 1
| #define HAVE_INTTYPES_H 1
| #define HAVE_STDINT_H 1
| #define HAVE_UNISTD_H 1
| #define HAVE_DLFCN_H 1
| #define LT_OBJDIR ".libs/"
| #define HAVE_LIBM 1
| #define STDC_HEADERS 1
| #define HAVE_STDARG_H 1
| #define MATIO_HAVE_INTTYPES_H 1
| #define MATIO_HAVE_STDINT_H 1
| #define HAVE_STRINGS_H 1
| #define HAVE_UNISTD_H 1
| #define HAVE_LOCALE_H 1
| #define HAVE_STDDEF_H 1
| #define HAVE_STRUCT_LCONV_DECIMAL_POINT 1
| #define HAVE_STRUCT_LCONV_THOUSANDS_SEP 1
| #define HAVE_PTRDIFF_T 1
| #define HAVE_LOCALECONV 1
| #define SIZEOF_DOUBLE 8
| #define SIZEOF_FLOAT 4
| #define SIZEOF_LONG_LONG 8
| #define SIZEOF_LONG 8
| #define SIZEOF_INT 4
| #define SIZEOF_SHORT 2
| #define SIZEOF_CHAR 1
| #define SIZEOF_VOID_P 8
| #define SIZEOF_SIZE_T 8
| #define HAVE_MAT_INT64_T /**/
| #define _mat_int64_t int64_t
| #define HAVE_MAT_UINT64_T /**/
| #define _mat_uint64_t uint64_t
| #define HAVE_MAT_INT32_T /**/
| #define _mat_int32_t int32_t
| #define HAVE_MAT_UINT32_T /**/
| #define _mat_uint32_t uint32_t
| #define HAVE_MAT_INT16_T /**/
| #define _mat_int16_t int16_t
| #define HAVE_MAT_UINT16_T /**/
| #define _mat_uint16_t uint16_t
| #define HAVE_MAT_INT8_T /**/
| #define _mat_int8_t int8_t
| #define HAVE_MAT_UINT8_T /**/
| #define _mat_uint8_t uint8_t
| #define HAVE_LONG_DOUBLE 1
| #define HAVE_LONG_LONG_INT 1
| #define HAVE_UNSIGNED_LONG_LONG_INT 1
| #define HAVE_INTMAX_T 1
| /* end confdefs.h.  */
| #include <stdio.h>
| #ifdef HAVE_SYS_TYPES_H
| # include <sys/types.h>
| #endif
| #ifdef HAVE_SYS_STAT_H
| # include <sys/stat.h>
| #endif
| #ifdef STDC_HEADERS
| # include <stdlib.h>
| # include <stddef.h>
| #else
| # ifdef HAVE_STDLIB_H
| #  include <stdlib.h>
| # endif
| #endif
| #ifdef HAVE_STRING_H
| # if !defined STDC_HEADERS && defined HAVE_MEMORY_H
| #  include <memory.h>
| # endif
| # include <string.h>
| #endif
| #ifdef HAVE_STRINGS_H
| # include <strings.h>
| #endif
| #ifdef HAVE_INTTYPES_H
| # include <inttypes.h>
| #endif
| #ifdef HAVE_STDINT_H
| # include <stdint.h>
| #endif
| #ifdef HAVE_UNISTD_H
| # include <unistd.h>
| #endif
| int
| main ()
| {
| if (sizeof ((uintmax_t)))
| 	    return 0;
|   ;
|   return 0;
| }
configure:14807: result: yes
configure:14825: checking for uintptr_t
configure:14825: gcc -c  -g -O2  conftest.c >&5
configure:14825: $? = 0
configure:14825: gcc -c  -g -O2  conftest.c >&5
conftest.c: In function 'main':
conftest.c:110:24: error: expected expression before ')' token
 if (sizeof ((uintptr_t)))
                        ^
configure:14825: $? = 1
configure: failed program was:
| /* confdefs.h */
| #define PACKAGE_NAME "MATIO"
| #define PACKAGE_TARNAME "matio"
| #define PACKAGE_VERSION "1.5.9"
| #define PACKAGE_STRING "MATIO 1.5.9"
| #define PACKAGE_BUGREPORT "chulbe2lsu@users.sourceforge.net"
| #define PACKAGE_URL "http://sourceforge.net/projects/matio"
| #define PACKAGE "matio"
| #define VERSION "1.5.9"
| #define MATIO_PLATFORM "x86_64-unknown-linux-gnu"
| #define MATIO_MAJOR_VERSION 1
| #define MATIO_MINOR_VERSION 5
| #define MATIO_RELEASE_LEVEL 9
| #define MATIO_VERSION 159
| #define MATIO_VERSION_STR "1.5.9"
| #define NODEBUG /**/
| #define NODEBUG /**/
| #define STDC_HEADERS 1
| #define HAVE_SYS_TYPES_H 1
| #define HAVE_SYS_STAT_H 1
| #define HAVE_STDLIB_H 1
| #define HAVE_STRING_H 1
| #define HAVE_MEMORY_H 1
| #define HAVE_STRINGS_H 1
| #define HAVE_INTTYPES_H 1
| #define HAVE_STDINT_H 1
| #define HAVE_UNISTD_H 1
| #define HAVE_DLFCN_H 1
| #define LT_OBJDIR ".libs/"
| #define HAVE_LIBM 1
| #define STDC_HEADERS 1
| #define HAVE_STDARG_H 1
| #define MATIO_HAVE_INTTYPES_H 1
| #define MATIO_HAVE_STDINT_H 1
| #define HAVE_STRINGS_H 1
| #define HAVE_UNISTD_H 1
| #define HAVE_LOCALE_H 1
| #define HAVE_STDDEF_H 1
| #define HAVE_STRUCT_LCONV_DECIMAL_POINT 1
| #define HAVE_STRUCT_LCONV_THOUSANDS_SEP 1
| #define HAVE_PTRDIFF_T 1
| #define HAVE_LOCALECONV 1
| #define SIZEOF_DOUBLE 8
| #define SIZEOF_FLOAT 4
| #define SIZEOF_LONG_LONG 8
| #define SIZEOF_LONG 8
| #define SIZEOF_INT 4
| #define SIZEOF_SHORT 2
| #define SIZEOF_CHAR 1
| #define SIZEOF_VOID_P 8
| #define SIZEOF_SIZE_T 8
| #define HAVE_MAT_INT64_T /**/
| #define _mat_int64_t int64_t
| #define HAVE_MAT_UINT64_T /**/
| #define _mat_uint64_t uint64_t
| #define HAVE_MAT_INT32_T /**/
| #define _mat_int32_t int32_t
| #define HAVE_MAT_UINT32_T /**/
| #define _mat_uint32_t uint32_t
| #define HAVE_MAT_INT16_T /**/
| #define _mat_int16_t int16_t
| #define HAVE_MAT_UINT16_T /**/
| #define _mat_uint16_t uint16_t
| #define HAVE_MAT_INT8_T /**/
| #define _mat_int8_t int8_t
| #define HAVE_MAT_UINT8_T /**/
| #define _mat_uint8_t uint8_t
| #define HAVE_LONG_DOUBLE 1
| #define HAVE_LONG_LONG_INT 1
| #define HAVE_UNSIGNED_LONG_LONG_INT 1
| #define HAVE_INTMAX_T 1
| #define HAVE_UINTMAX_T 1
| /* end confdefs.h.  */
| #include <stdio.h>
| #ifdef HAVE_SYS_TYPES_H
| # include <sys/types.h>
| #endif
| #ifdef HAVE_SYS_STAT_H
| # include <sys/stat.h>
| #endif
| #ifdef STDC_HEADERS
| # include <stdlib.h>
| # include <stddef.h>
| #else
| # ifdef HAVE_STDLIB_H
| #  include <stdlib.h>
| # endif
| #endif
| #ifdef HAVE_STRING_H
| # if !defined STDC_HEADERS && defined HAVE_MEMORY_H
| #  include <memory.h>
| # endif
| # include <string.h>
| #endif
| #ifdef HAVE_STRINGS_H
| # include <strings.h>
| #endif
| #ifdef HAVE_INTTYPES_H
| # include <inttypes.h>
| #endif
| #ifdef HAVE_STDINT_H
| # include <stdint.h>
| #endif
| #ifdef HAVE_UNISTD_H
| # include <unistd.h>
| #endif
| int
| main ()
| {
| if (sizeof ((uintptr_t)))
| 	    return 0;
|   ;
|   return 0;
| }
configure:14825: result: yes
configure:14862: checking for va_copy() function
configure:14911: gcc -o conftest  -g -O2   conftest.c -lm  >&5
configure:14911: $? = 0
configure:14911: ./conftest
configure:14911: $? = 0
configure:15295: result: yes
configure:15303: checking for vsnprintf()
configure:15321: gcc -o conftest  -g -O2   conftest.c -lm  >&5
configure:15321: $? = 0
configure:15330: result: yes
configure:15333: checking for snprintf()
configure:15350: gcc -o conftest  -g -O2   conftest.c -lm  >&5
configure:15350: $? = 0
configure:15359: result: yes
configure:15362: checking for vasprintf()
configure:15380: gcc -o conftest  -g -O2   conftest.c -lm  >&5
conftest.c: In function 'main':
conftest.c:83:11: warning: implicit declaration of function 'vasprintf' [-Wimplicit-function-declaration]
           vasprintf(NULL,"%d",ap);
           ^
configure:15380: $? = 0
configure:15389: result: yes
configure:15392: checking for asprintf()
configure:15409: gcc -o conftest  -g -O2   conftest.c -lm  >&5
conftest.c: In function 'main':
conftest.c:82:11: warning: implicit declaration of function 'asprintf' [-Wimplicit-function-declaration]
           asprintf(NULL,0,"%d",0);
           ^
configure:15409: $? = 0
configure:15418: result: yes
configure:15471: checking for matlab
configure:15504: result: no
configure:15517: result: no
configure:15535: checking for zlib Library
configure:15565: gcc -o conftest  -g -O2    conftest.c -lm  -lz >&5
conftest.c:83:18: fatal error: zlib.h: No such file or directory
compilation terminated.
configure:15565: $? = 1
configure: failed program was:
| /* confdefs.h */
| #define PACKAGE_NAME "MATIO"
| #define PACKAGE_TARNAME "matio"
| #define PACKAGE_VERSION "1.5.9"
| #define PACKAGE_STRING "MATIO 1.5.9"
| #define PACKAGE_BUGREPORT "chulbe2lsu@users.sourceforge.net"
| #define PACKAGE_URL "http://sourceforge.net/projects/matio"
| #define PACKAGE "matio"
| #define VERSION "1.5.9"
| #define MATIO_PLATFORM "x86_64-unknown-linux-gnu"
| #define MATIO_MAJOR_VERSION 1
| #define MATIO_MINOR_VERSION 5
| #define MATIO_RELEASE_LEVEL 9
| #define MATIO_VERSION 159
| #define MATIO_VERSION_STR "1.5.9"
| #define NODEBUG /**/
| #define NODEBUG /**/
| #define STDC_HEADERS 1
| #define HAVE_SYS_TYPES_H 1
| #define HAVE_SYS_STAT_H 1
| #define HAVE_STDLIB_H 1
| #define HAVE_STRING_H 1
| #define HAVE_MEMORY_H 1
| #define HAVE_STRINGS_H 1
| #define HAVE_INTTYPES_H 1
| #define HAVE_STDINT_H 1
| #define HAVE_UNISTD_H 1
| #define HAVE_DLFCN_H 1
| #define LT_OBJDIR ".libs/"
| #define HAVE_LIBM 1
| #define STDC_HEADERS 1
| #define HAVE_STDARG_H 1
| #define MATIO_HAVE_INTTYPES_H 1
| #define MATIO_HAVE_STDINT_H 1
| #define HAVE_STRINGS_H 1
| #define HAVE_UNISTD_H 1
| #define HAVE_LOCALE_H 1
| #define HAVE_STDDEF_H 1
| #define HAVE_STRUCT_LCONV_DECIMAL_POINT 1
| #define HAVE_STRUCT_LCONV_THOUSANDS_SEP 1
| #define HAVE_PTRDIFF_T 1
| #define HAVE_LOCALECONV 1
| #define SIZEOF_DOUBLE 8
| #define SIZEOF_FLOAT 4
| #define SIZEOF_LONG_LONG 8
| #define SIZEOF_LONG 8
| #define SIZEOF_INT 4
| #define SIZEOF_SHORT 2
| #define SIZEOF_CHAR 1
| #define SIZEOF_VOID_P 8
| #define SIZEOF_SIZE_T 8
| #define HAVE_MAT_INT64_T /**/
| #define _mat_int64_t int64_t
| #define HAVE_MAT_UINT64_T /**/
| #define _mat_uint64_t uint64_t
| #define HAVE_MAT_INT32_T /**/
| #define _mat_int32_t int32_t
| #define HAVE_MAT_UINT32_T /**/
| #define _mat_uint32_t uint32_t
| #define HAVE_MAT_INT16_T /**/
| #define _mat_int16_t int16_t
| #define HAVE_MAT_UINT16_T /**/
| #define _mat_uint16_t uint16_t
| #define HAVE_MAT_INT8_T /**/
| #define _mat_int8_t int8_t
| #define HAVE_MAT_UINT8_T /**/
| #define _mat_uint8_t uint8_t
| #define HAVE_LONG_DOUBLE 1
| #define HAVE_LONG_LONG_INT 1
| #define HAVE_UNSIGNED_LONG_LONG_INT 1
| #define HAVE_INTMAX_T 1
| #define HAVE_UINTMAX_T 1
| #define HAVE_UINTPTR_T 1
| #define HAVE_VA_COPY 1
| #define __VA_COPY_USE __VA_COPY_USE_C99
| #define HAVE_VSNPRINTF 1
| #define HAVE_SNPRINTF 1
| #define HAVE_VASPRINTF 1
| #define HAVE_ASPRINTF 1
| /* end confdefs.h.  */
| 
| #include <stdlib.h>
| #include <zlib.h>
| 
| int
| main ()
| {
| inflateCopy(NULL,NULL);
|   ;
|   return 0;
| }
configure:15591: gcc -o conftest  -g -O2    conftest.c -lm  -lz >&5
conftest.c:84:30: fatal error: zlib.h: No such file or directory
compilation terminated.
configure:15591: $? = 1
configure: failed program was:
| /* confdefs.h */
| #define PACKAGE_NAME "MATIO"
| #define PACKAGE_TARNAME "matio"
| #define PACKAGE_VERSION "1.5.9"
| #define PACKAGE_STRING "MATIO 1.5.9"
| #define PACKAGE_BUGREPORT "chulbe2lsu@users.sourceforge.net"
| #define PACKAGE_URL "http://sourceforge.net/projects/matio"
| #define PACKAGE "matio"
| #define VERSION "1.5.9"
| #define MATIO_PLATFORM "x86_64-unknown-linux-gnu"
| #define MATIO_MAJOR_VERSION 1
| #define MATIO_MINOR_VERSION 5
| #define MATIO_RELEASE_LEVEL 9
| #define MATIO_VERSION 159
| #define MATIO_VERSION_STR "1.5.9"
| #define NODEBUG /**/
| #define NODEBUG /**/
| #define STDC_HEADERS 1
| #define HAVE_SYS_TYPES_H 1
| #define HAVE_SYS_STAT_H 1
| #define HAVE_STDLIB_H 1
| #define HAVE_STRING_H 1
| #define HAVE_MEMORY_H 1
| #define HAVE_STRINGS_H 1
| #define HAVE_INTTYPES_H 1
| #define HAVE_STDINT_H 1
| #define HAVE_UNISTD_H 1
| #define HAVE_DLFCN_H 1
| #define LT_OBJDIR ".libs/"
| #define HAVE_LIBM 1
| #define STDC_HEADERS 1
| #define HAVE_STDARG_H 1
| #define MATIO_HAVE_INTTYPES_H 1
| #define MATIO_HAVE_STDINT_H 1
| #define HAVE_STRINGS_H 1
| #define HAVE_UNISTD_H 1
| #define HAVE_LOCALE_H 1
| #define HAVE_STDDEF_H 1
| #define HAVE_STRUCT_LCONV_DECIMAL_POINT 1
| #define HAVE_STRUCT_LCONV_THOUSANDS_SEP 1
| #define HAVE_PTRDIFF_T 1
| #define HAVE_LOCALECONV 1
| #define SIZEOF_DOUBLE 8
| #define SIZEOF_FLOAT 4
| #define SIZEOF_LONG_LONG 8
| #define SIZEOF_LONG 8
| #define SIZEOF_INT 4
| #define SIZEOF_SHORT 2
| #define SIZEOF_CHAR 1
| #define SIZEOF_VOID_P 8
| #define SIZEOF_SIZE_T 8
| #define HAVE_MAT_INT64_T /**/
| #define _mat_int64_t int64_t
| #define HAVE_MAT_UINT64_T /**/
| #define _mat_uint64_t uint64_t
| #define HAVE_MAT_INT32_T /**/
| #define _mat_int32_t int32_t
| #define HAVE_MAT_UINT32_T /**/
| #define _mat_uint32_t uint32_t
| #define HAVE_MAT_INT16_T /**/
| #define _mat_int16_t int16_t
| #define HAVE_MAT_UINT16_T /**/
| #define _mat_uint16_t uint16_t
| #define HAVE_MAT_INT8_T /**/
| #define _mat_int8_t int8_t
| #define HAVE_MAT_UINT8_T /**/
| #define _mat_uint8_t uint8_t
| #define HAVE_LONG_DOUBLE 1
| #define HAVE_LONG_LONG_INT 1
| #define HAVE_UNSIGNED_LONG_LONG_INT 1
| #define HAVE_INTMAX_T 1
| #define HAVE_UINTMAX_T 1
| #define HAVE_UINTPTR_T 1
| #define HAVE_VA_COPY 1
| #define __VA_COPY_USE __VA_COPY_USE_C99
| #define HAVE_VSNPRINTF 1
| #define HAVE_SNPRINTF 1
| #define HAVE_VASPRINTF 1
| #define HAVE_ASPRINTF 1
| /* end confdefs.h.  */
| 
|             #include <stdlib.h>
|             #define Z_PREFIX
|             #include <zlib.h>
| 
| int
| main ()
| {
| inflateCopy(NULL,NULL);
|   ;
|   return 0;
| }
configure:15625: no
configure:15654: checking for HDF5 software
configure:15691: gcc -o conftest   -g -O2   conftest.c -lhdf5  -lm  >&5
conftest.c:83:35: fatal error: hdf5.h: No such file or directory
compilation terminated.
configure:15691: $? = 1
configure: failed program was:
| /* confdefs.h */
| #define PACKAGE_NAME "MATIO"
| #define PACKAGE_TARNAME "matio"
| #define PACKAGE_VERSION "1.5.9"
| #define PACKAGE_STRING "MATIO 1.5.9"
| #define PACKAGE_BUGREPORT "chulbe2lsu@users.sourceforge.net"
| #define PACKAGE_URL "http://sourceforge.net/projects/matio"
| #define PACKAGE "matio"
| #define VERSION "1.5.9"
| #define MATIO_PLATFORM "x86_64-unknown-linux-gnu"
| #define MATIO_MAJOR_VERSION 1
| #define MATIO_MINOR_VERSION 5
| #define MATIO_RELEASE_LEVEL 9
| #define MATIO_VERSION 159
| #define MATIO_VERSION_STR "1.5.9"
| #define NODEBUG /**/
| #define NODEBUG /**/
| #define STDC_HEADERS 1
| #define HAVE_SYS_TYPES_H 1
| #define HAVE_SYS_STAT_H 1
| #define HAVE_STDLIB_H 1
| #define HAVE_STRING_H 1
| #define HAVE_MEMORY_H 1
| #define HAVE_STRINGS_H 1
| #define HAVE_INTTYPES_H 1
| #define HAVE_STDINT_H 1
| #define HAVE_UNISTD_H 1
| #define HAVE_DLFCN_H 1
| #define LT_OBJDIR ".libs/"
| #define HAVE_LIBM 1
| #define STDC_HEADERS 1
| #define HAVE_STDARG_H 1
| #define MATIO_HAVE_INTTYPES_H 1
| #define MATIO_HAVE_STDINT_H 1
| #define HAVE_STRINGS_H 1
| #define HAVE_UNISTD_H 1
| #define HAVE_LOCALE_H 1
| #define HAVE_STDDEF_H 1
| #define HAVE_STRUCT_LCONV_DECIMAL_POINT 1
| #define HAVE_STRUCT_LCONV_THOUSANDS_SEP 1
| #define HAVE_PTRDIFF_T 1
| #define HAVE_LOCALECONV 1
| #define SIZEOF_DOUBLE 8
| #define SIZEOF_FLOAT 4
| #define SIZEOF_LONG_LONG 8
| #define SIZEOF_LONG 8
| #define SIZEOF_INT 4
| #define SIZEOF_SHORT 2
| #define SIZEOF_CHAR 1
| #define SIZEOF_VOID_P 8
| #define SIZEOF_SIZE_T 8
| #define HAVE_MAT_INT64_T /**/
| #define _mat_int64_t int64_t
| #define HAVE_MAT_UINT64_T /**/
| #define _mat_uint64_t uint64_t
| #define HAVE_MAT_INT32_T /**/
| #define _mat_int32_t int32_t
| #define HAVE_MAT_UINT32_T /**/
| #define _mat_uint32_t uint32_t
| #define HAVE_MAT_INT16_T /**/
| #define _mat_int16_t int16_t
| #define HAVE_MAT_UINT16_T /**/
| #define _mat_uint16_t uint16_t
| #define HAVE_MAT_INT8_T /**/
| #define _mat_int8_t int8_t
| #define HAVE_MAT_UINT8_T /**/
| #define _mat_uint8_t uint8_t
| #define HAVE_LONG_DOUBLE 1
| #define HAVE_LONG_LONG_INT 1
| #define HAVE_UNSIGNED_LONG_LONG_INT 1
| #define HAVE_INTMAX_T 1
| #define HAVE_UINTMAX_T 1
| #define HAVE_UINTPTR_T 1
| #define HAVE_VA_COPY 1
| #define __VA_COPY_USE __VA_COPY_USE_C99
| #define HAVE_VSNPRINTF 1
| #define HAVE_SNPRINTF 1
| #define HAVE_VASPRINTF 1
| #define HAVE_ASPRINTF 1
| /* end confdefs.h.  */
| #include<stdio.h>
|                  #include <stdlib.h>
|                  #include <hdf5.h>
| int
| main ()
| {
| H5open()
|   ;
|   return 0;
| }
configure:15709: result: no
configure:15797: checking enable MAT v7.3 file support
configure:15801: result: no
configure:15832: checking for default MAT file version
configure:15852: result: MAT_FT_MAT5
configure:15866: checking enable extended sparse types
configure:15875: result: yes
configure:16126: creating ./config.status

## ---------------------- ##
## Running config.status. ##
## ---------------------- ##

This file was extended by MATIO config.status 1.5.9, which was
generated by GNU Autoconf 2.69.  Invocation command line was

  CONFIG_FILES    = 
  CONFIG_HEADERS  = 
  CONFIG_LINKS    = 
  CONFIG_COMMANDS = 
  $ ./config.status 

on azhar-terraloupe

config.status:1174: creating Makefile
config.status:1174: creating matio.pc
config.status:1174: creating src/Makefile
config.status:1174: creating getopt/Makefile
config.status:1174: creating tools/Makefile
config.status:1174: creating test/Makefile
config.status:1174: creating documentation/Makefile
config.status:1174: creating src/matioConfig.h
config.status:1174: creating src/matio_pubconf.h
config.status:1403: executing libtool commands
config.status:1403: executing test/atconfig commands
configure:18289: result: 
configure:18291: result:    MATIO Configuration Summary       
configure:18293: result: ==============================================================
configure:18295: result:            C Compiler: gcc
configure:18297: result:                CFLAGS:  -g -O2
configure:18299: result:      Shared Libraries: yes
configure:18301: result:      Static Libraries: yes
configure:18303: result:   default MAT version: MAT_FT_MAT5
configure:18305: result: 
configure:18307: result: Features --------------------------------------------
configure:18309: result:   MAT v7.3 file support: no
configure:18311: result: Extended sparse support: yes
configure:18313: result: 
configure:18315: result: Packages --------------------------------------------
configure:18317: result:                  zlib: 
configure:18319: result:                  hdf5: 
configure:18321: result:                MATLAB: 
configure:18323: result: 
configure:18325: result: 

## ---------------- ##
## Cache variables. ##
## ---------------- ##

ac_cv_build=x86_64-unknown-linux-gnu
ac_cv_c_compiler_gnu=yes
ac_cv_env_CC_set=
ac_cv_env_CC_value=
ac_cv_env_CFLAGS_set=
ac_cv_env_CFLAGS_value=
ac_cv_env_CPPFLAGS_set=
ac_cv_env_CPPFLAGS_value=
ac_cv_env_CPP_set=
ac_cv_env_CPP_value=
ac_cv_env_FCLDFLAGS_set=
ac_cv_env_FCLDFLAGS_value=
ac_cv_env_LDFLAGS_set=
ac_cv_env_LDFLAGS_value=
ac_cv_env_LIBS_set=
ac_cv_env_LIBS_value=
ac_cv_env_LT_CFLAGS_set=
ac_cv_env_LT_CFLAGS_value=
ac_cv_env_LT_LDFLAGS_set=
ac_cv_env_LT_LDFLAGS_value=
ac_cv_env_build_alias_set=
ac_cv_env_build_alias_value=
ac_cv_env_host_alias_set=
ac_cv_env_host_alias_value=
ac_cv_env_target_alias_set=
ac_cv_env_target_alias_value=
ac_cv_func_localeconv=yes
ac_cv_header_dlfcn_h=yes
ac_cv_header_inttypes_h=yes
ac_cv_header_locale_h=yes
ac_cv_header_memory_h=yes
ac_cv_header_stdarg_h=yes
ac_cv_header_stdc=yes
ac_cv_header_stddef_h=yes
ac_cv_header_stdint_h=yes
ac_cv_header_stdlib_h=yes
ac_cv_header_string_h=yes
ac_cv_header_strings_h=yes
ac_cv_header_sys_stat_h=yes
ac_cv_header_sys_types_h=yes
ac_cv_header_unistd_h=yes
ac_cv_header_varargs_h=no
ac_cv_host=x86_64-unknown-linux-gnu
ac_cv_lib_m_pow=yes
ac_cv_member_struct_lconv_decimal_point=yes
ac_cv_member_struct_lconv_thousands_sep=yes
ac_cv_objext=o
ac_cv_path_EGREP='/bin/grep -E'
ac_cv_path_FGREP='/bin/grep -F'
ac_cv_path_GREP=/bin/grep
ac_cv_path_SED=/bin/sed
ac_cv_path_install='/usr/bin/install -c'
ac_cv_path_mkdir=/bin/mkdir
ac_cv_prog_AWK=gawk
ac_cv_prog_CPP='gcc -E'
ac_cv_prog_ac_ct_AR=ar
ac_cv_prog_ac_ct_CC=gcc
ac_cv_prog_ac_ct_MANIFEST_TOOL=mt
ac_cv_prog_ac_ct_OBJDUMP=objdump
ac_cv_prog_ac_ct_RANLIB=ranlib
ac_cv_prog_ac_ct_STRIP=strip
ac_cv_prog_cc_c89=
ac_cv_prog_cc_g=yes
ac_cv_prog_make_make_set=yes
ac_cv_sizeof_char=1
ac_cv_sizeof_double=8
ac_cv_sizeof_float=4
ac_cv_sizeof_int=4
ac_cv_sizeof_long=8
ac_cv_sizeof_long_long=8
ac_cv_sizeof_short=2
ac_cv_sizeof_size_t=8
ac_cv_sizeof_void_p=8
ac_cv_type_intmax_t=yes
ac_cv_type_long_double=yes
ac_cv_type_long_long_int=yes
ac_cv_type_ptrdiff_t=yes
ac_cv_type_size_t=yes
ac_cv_type_uintmax_t=yes
ac_cv_type_uintptr_t=yes
ac_cv_type_unsigned_long_long_int=yes
ac_cv_va_copy=C99
am_cv_make_support_nested_variables=yes
lt_cv_ar_at_file=@
lt_cv_archive_cmds_need_lc=no
lt_cv_deplibs_check_method=pass_all
lt_cv_file_magic_cmd='$MAGIC_CMD'
lt_cv_file_magic_test_file=
lt_cv_ld_reload_flag=-r
lt_cv_nm_interface='BSD nm'
lt_cv_objdir=.libs
lt_cv_path_LD=/usr/bin/ld
lt_cv_path_NM='/usr/bin/nm -B'
lt_cv_path_mainfest_tool=no
lt_cv_prog_compiler_c_o=yes
lt_cv_prog_compiler_pic='-fPIC -DPIC'
lt_cv_prog_compiler_pic_works=yes
lt_cv_prog_compiler_rtti_exceptions=no
lt_cv_prog_compiler_static_works=yes
lt_cv_prog_gnu_ld=yes
lt_cv_sharedlib_from_linklib_cmd='printf %s\n'
lt_cv_shlibpath_overrides_runpath=no
lt_cv_sys_global_symbol_pipe='sed -n -e '\''s/^.*[	 ]\([ABCDGIRSTW][ABCDGIRSTW]*\)[	 ][	 ]*\([_A-Za-z][_A-Za-z0-9]*\)$/\1 \2 \2/p'\'' | sed '\''/ __gnu_lto/d'\'''
lt_cv_sys_global_symbol_to_c_name_address='sed -n -e '\''s/^: \([^ ]*\)[ ]*$/  {\"\1\", (void *) 0},/p'\'' -e '\''s/^[ABCDGIRSTW]* \([^ ]*\) \([^ ]*\)$/  {"\2", (void *) \&\2},/p'\'''
lt_cv_sys_global_symbol_to_c_name_address_lib_prefix='sed -n -e '\''s/^: \([^ ]*\)[ ]*$/  {\"\1\", (void *) 0},/p'\'' -e '\''s/^[ABCDGIRSTW]* \([^ ]*\) \(lib[^ ]*\)$/  {"\2", (void *) \&\2},/p'\'' -e '\''s/^[ABCDGIRSTW]* \([^ ]*\) \([^ ]*\)$/  {"lib\2", (void *) \&\2},/p'\'''
lt_cv_sys_global_symbol_to_cdecl='sed -n -e '\''s/^T .* \(.*\)$/extern int \1();/p'\'' -e '\''s/^[ABCDGIRSTW]* .* \(.*\)$/extern char \1;/p'\'''
lt_cv_sys_max_cmd_len=1572864
lt_cv_to_host_file_cmd=func_convert_file_noop
lt_cv_to_tool_file_cmd=func_convert_file_noop
matio_cv_have_asprintf=yes
matio_cv_have_matlab=no
matio_cv_have_snprintf=yes
matio_cv_have_vasprintf=yes
matio_cv_have_vsnprintf=yes

## ----------------- ##
## Output variables. ##
## ----------------- ##

ACLOCAL='${SHELL} /home/azhar/Downloads/matio-1.5.9/config/missing --run aclocal-1.11'
AMTAR='$${TAR-tar}'
AM_BACKSLASH='\'
AM_DEFAULT_V='$(AM_DEFAULT_VERBOSITY)'
AM_DEFAULT_VERBOSITY='1'
AM_V='$(V)'
AR='ar'
AUTOCONF='${SHELL} /home/azhar/Downloads/matio-1.5.9/config/missing --run autoconf'
AUTOHEADER='${SHELL} /home/azhar/Downloads/matio-1.5.9/config/missing --run autoheader'
AUTOM4TE='autom4te'
AUTOMAKE='${SHELL} /home/azhar/Downloads/matio-1.5.9/config/missing --run automake-1.11'
AUTOTEST='$(AUTOM4TE) --language=Autotest'
AWK='gawk'
CC='gcc'
CFLAGS=' -g -O2'
CPP='gcc -E'
CPPFLAGS=''
CYGPATH_W='echo'
DEFS='-DHAVE_CONFIG_H'
DLLTOOL='false'
DSYMUTIL=''
DUMPBIN=''
ECHO_C=''
ECHO_N='-n'
ECHO_T=''
EGREP='/bin/grep -E'
EXEEXT=''
EXTENDED_SPARSE_FALSE='#'
EXTENDED_SPARSE_TRUE=''
FCLDFLAGS=''
FGREP='/bin/grep -F'
GREP='/bin/grep'
HAVE_HDF5_FALSE=''
HAVE_HDF5_TRUE='#'
HAVE_INT64='1'
HAVE_UINT64='1'
HAVE_ZLIB_FALSE=''
HAVE_ZLIB_TRUE='#'
HDF5_CFLAGS=''
HDF5_LIBS=''
INSTALL_DATA='${INSTALL} -m 644'
INSTALL_PROGRAM='${INSTALL}'
INSTALL_SCRIPT='${INSTALL}'
INSTALL_STRIP_PROGRAM='$(install_sh) -c -s'
LD='/usr/bin/ld -m elf_x86_64'
LDFLAGS=''
LIBOBJS=''
LIBS='-lm '
LIBTOOL='$(SHELL) $(top_builddir)/libtool'
LINUX_FALSE='#'
LINUX_TRUE=''
LIPO=''
LN_S='ln -s'
LTLIBOBJS=''
LT_CFLAGS=''
LT_LDFLAGS=''
MAINT='#'
MAINTAINER_MODE_FALSE=''
MAINTAINER_MODE_TRUE='#'
MAKEINFO='${SHELL} /home/azhar/Downloads/matio-1.5.9/config/missing --run makeinfo'
MANIFEST_TOOL=':'
MAT73_FALSE=''
MAT73_TRUE='#'
MATLABEXE=''
MKDIR_P='/bin/mkdir -p'
NEED_GETOPT_FALSE='#'
NEED_GETOPT_TRUE=''
NM='/usr/bin/nm -B'
NMEDIT=''
OBJDUMP='objdump'
OBJEXT='o'
OTOOL64=''
OTOOL=''
PACKAGE='matio'
PACKAGE_BUGREPORT='chulbe2lsu@users.sourceforge.net'
PACKAGE_NAME='MATIO'
PACKAGE_RELEASE_DATE='22 October 2016'
PACKAGE_STRING='MATIO 1.5.9'
PACKAGE_TARNAME='matio'
PACKAGE_URL='http://sourceforge.net/projects/matio'
PACKAGE_VERSION='1.5.9'
PATH_SEPARATOR=':'
RANLIB='ranlib'
SED='/bin/sed'
SET_MAKE=''
SHELL='/bin/bash'
SIZEOF_INT='4'
SIZEOF_SIZE_T='8'
SIZEOF_VOID_P='8'
STRIP='strip'
SUN_FALSE=''
SUN_TRUE='#'
VERSION='1.5.9'
WINNT_FALSE=''
WINNT_TRUE='#'
ZLIB_CFLAGS=''
ZLIB_LIBS=''
ac_ct_AR='ar'
ac_ct_CC='gcc'
ac_ct_DUMPBIN=''
am__EXEEXT_FALSE=''
am__EXEEXT_TRUE='#'
am__isrc=''
am__leading_dot='.'
am__tar='$${TAR-tar} chof - "$$tardir"'
am__untar='$${TAR-tar} xf -'
bindir='${exec_prefix}/bin'
build='x86_64-unknown-linux-gnu'
build_alias=''
build_cpu='x86_64'
build_os='linux-gnu'
build_vendor='unknown'
datadir='${datarootdir}'
datarootdir='${prefix}/share'
docdir='${datarootdir}/doc/${PACKAGE_TARNAME}'
dvidir='${docdir}'
exec_prefix='${prefix}'
host='x86_64-unknown-linux-gnu'
host_alias=''
host_cpu='x86_64'
host_os='linux-gnu'
host_vendor='unknown'
htmldir='${docdir}'
includedir='${prefix}/include'
infodir='${datarootdir}/info'
install_sh='${SHELL} /home/azhar/Downloads/matio-1.5.9/config/install-sh'
libdir='${exec_prefix}/lib'
libexecdir='${exec_prefix}/libexec'
localedir='${datarootdir}/locale'
localstatedir='${prefix}/var'
mandir='${datarootdir}/man'
mkdir_p='/bin/mkdir -p'
oldincludedir='/usr/include'
pdfdir='${docdir}'
prefix='/usr/local'
program_transform_name='s,x,x,'
psdir='${docdir}'
sbindir='${exec_prefix}/sbin'
sharedstatedir='${prefix}/com'
sysconfdir='${prefix}/etc'
target_alias=''

## ----------- ##
## confdefs.h. ##
## ----------- ##

/* confdefs.h */
#define PACKAGE_NAME "MATIO"
#define PACKAGE_TARNAME "matio"
#define PACKAGE_VERSION "1.5.9"
#define PACKAGE_STRING "MATIO 1.5.9"
#define PACKAGE_BUGREPORT "chulbe2lsu@users.sourceforge.net"
#define PACKAGE_URL "http://sourceforge.net/projects/matio"
#define PACKAGE "matio"
#define VERSION "1.5.9"
#define MATIO_PLATFORM "x86_64-unknown-linux-gnu"
#define MATIO_MAJOR_VERSION 1
#define MATIO_MINOR_VERSION 5
#define MATIO_RELEASE_LEVEL 9
#define MATIO_VERSION 159
#define MATIO_VERSION_STR "1.5.9"
#define NODEBUG /**/
#define NODEBUG /**/
#define STDC_HEADERS 1
#define HAVE_SYS_TYPES_H 1
#define HAVE_SYS_STAT_H 1
#define HAVE_STDLIB_H 1
#define HAVE_STRING_H 1
#define HAVE_MEMORY_H 1
#define HAVE_STRINGS_H 1
#define HAVE_INTTYPES_H 1
#define HAVE_STDINT_H 1
#define HAVE_UNISTD_H 1
#define HAVE_DLFCN_H 1
#define LT_OBJDIR ".libs/"
#define HAVE_LIBM 1
#define STDC_HEADERS 1
#define HAVE_STDARG_H 1
#define MATIO_HAVE_INTTYPES_H 1
#define MATIO_HAVE_STDINT_H 1
#define HAVE_STRINGS_H 1
#define HAVE_UNISTD_H 1
#define HAVE_LOCALE_H 1
#define HAVE_STDDEF_H 1
#define HAVE_STRUCT_LCONV_DECIMAL_POINT 1
#define HAVE_STRUCT_LCONV_THOUSANDS_SEP 1
#define HAVE_PTRDIFF_T 1
#define HAVE_LOCALECONV 1
#define SIZEOF_DOUBLE 8
#define SIZEOF_FLOAT 4
#define SIZEOF_LONG_LONG 8
#define SIZEOF_LONG 8
#define SIZEOF_INT 4
#define SIZEOF_SHORT 2
#define SIZEOF_CHAR 1
#define SIZEOF_VOID_P 8
#define SIZEOF_SIZE_T 8
#define HAVE_MAT_INT64_T /**/
#define _mat_int64_t int64_t
#define HAVE_MAT_UINT64_T /**/
#define _mat_uint64_t uint64_t
#define HAVE_MAT_INT32_T /**/
#define _mat_int32_t int32_t
#define HAVE_MAT_UINT32_T /**/
#define _mat_uint32_t uint32_t
#define HAVE_MAT_INT16_T /**/
#define _mat_int16_t int16_t
#define HAVE_MAT_UINT16_T /**/
#define _mat_uint16_t uint16_t
#define HAVE_MAT_INT8_T /**/
#define _mat_int8_t int8_t
#define HAVE_MAT_UINT8_T /**/
#define _mat_uint8_t uint8_t
#define HAVE_LONG_DOUBLE 1
#define HAVE_LONG_LONG_INT 1
#define HAVE_UNSIGNED_LONG_LONG_INT 1
#define HAVE_INTMAX_T 1
#define HAVE_UINTMAX_T 1
#define HAVE_UINTPTR_T 1
#define HAVE_VA_COPY 1
#define __VA_COPY_USE __VA_COPY_USE_C99
#define HAVE_VSNPRINTF 1
#define HAVE_SNPRINTF 1
#define HAVE_VASPRINTF 1
#define HAVE_ASPRINTF 1
#define MAT_FT_DEFAULT MAT_FT_MAT5
#define EXTENDED_SPARSE /**/
#define LINUX /**/

configure: exit 0
